<?xml version="1.0" encoding="UTF-8"?>
<testng-results ignored="0" total="4" passed="3" failed="1" skipped="0">
  <reporter-output>
  </reporter-output>
  <suite started-at="2022-04-19T08:34:07 EDT" name="Default suite" finished-at="2022-04-19T08:34:38 EDT" duration-ms="30943">
    <groups>
    </groups>
    <test started-at="2022-04-19T08:34:07 EDT" name="Default test" finished-at="2022-04-19T08:34:38 EDT" duration-ms="30943">
      <class name="com.qa.sco.testCases.LoginPageTest">
        <test-method is-config="true" signature="setUp()[pri:0, instance:com.qa.sco.testCases.LoginPageTest@22e357dc]" started-at="2022-04-19T08:34:07 EDT" name="setUp" finished-at="2022-04-19T08:34:16 EDT" duration-ms="8679" status="PASS">
          <reporter-output>
          </reporter-output>
        </test-method> <!-- setUp -->
        <test-method signature="VerifySearchIndex()[pri:0, instance:com.qa.sco.testCases.LoginPageTest@22e357dc]" started-at="2022-04-19T08:34:16 EDT" name="VerifySearchIndex" finished-at="2022-04-19T08:34:17 EDT" duration-ms="672" status="PASS">
          <reporter-output>
          </reporter-output>
        </test-method> <!-- VerifySearchIndex -->
        <test-method is-config="true" signature="tearDown()[pri:0, instance:com.qa.sco.testCases.LoginPageTest@22e357dc]" started-at="2022-04-19T08:34:17 EDT" name="tearDown" finished-at="2022-04-19T08:34:18 EDT" duration-ms="819" status="PASS">
          <reporter-output>
          </reporter-output>
        </test-method> <!-- tearDown -->
        <test-method is-config="true" signature="setUp()[pri:0, instance:com.qa.sco.testCases.LoginPageTest@22e357dc]" started-at="2022-04-19T08:34:18 EDT" name="setUp" finished-at="2022-04-19T08:34:23 EDT" duration-ms="5755" status="PASS">
          <reporter-output>
          </reporter-output>
        </test-method> <!-- setUp -->
        <test-method signature="clickOnAllEquity()[pri:1, instance:com.qa.sco.testCases.LoginPageTest@22e357dc]" started-at="2022-04-19T08:34:23 EDT" name="clickOnAllEquity" finished-at="2022-04-19T08:34:24 EDT" duration-ms="295" status="PASS">
          <reporter-output>
          </reporter-output>
        </test-method> <!-- clickOnAllEquity -->
        <test-method is-config="true" signature="tearDown()[pri:0, instance:com.qa.sco.testCases.LoginPageTest@22e357dc]" started-at="2022-04-19T08:34:24 EDT" name="tearDown" finished-at="2022-04-19T08:34:24 EDT" duration-ms="754" status="PASS">
          <reporter-output>
          </reporter-output>
        </test-method> <!-- tearDown -->
        <test-method is-config="true" signature="setUp()[pri:0, instance:com.qa.sco.testCases.LoginPageTest@22e357dc]" started-at="2022-04-19T08:34:24 EDT" name="setUp" finished-at="2022-04-19T08:34:31 EDT" duration-ms="6061" status="PASS">
          <reporter-output>
          </reporter-output>
        </test-method> <!-- setUp -->
        <test-method signature="clickOnIndex()[pri:2, instance:com.qa.sco.testCases.LoginPageTest@22e357dc]" started-at="2022-04-19T08:34:31 EDT" name="clickOnIndex" finished-at="2022-04-19T08:34:31 EDT" duration-ms="289" status="PASS">
          <reporter-output>
          </reporter-output>
        </test-method> <!-- clickOnIndex -->
        <test-method is-config="true" signature="tearDown()[pri:0, instance:com.qa.sco.testCases.LoginPageTest@22e357dc]" started-at="2022-04-19T08:34:31 EDT" name="tearDown" finished-at="2022-04-19T08:34:32 EDT" duration-ms="785" status="PASS">
          <reporter-output>
          </reporter-output>
        </test-method> <!-- tearDown -->
        <test-method is-config="true" signature="setUp()[pri:0, instance:com.qa.sco.testCases.LoginPageTest@22e357dc]" started-at="2022-04-19T08:34:32 EDT" name="setUp" finished-at="2022-04-19T08:34:38 EDT" duration-ms="5951" status="PASS">
          <reporter-output>
          </reporter-output>
        </test-method> <!-- setUp -->
        <test-method signature="NumRows()[pri:3, instance:com.qa.sco.testCases.LoginPageTest@22e357dc]" started-at="2022-04-19T08:34:38 EDT" name="NumRows" finished-at="2022-04-19T08:34:38 EDT" duration-ms="28" status="FAIL">
          <exception class="java.lang.AssertionError">
            <message>
              <![CDATA[expected [10] but found [1]]]>
            </message>
            <full-stacktrace>
              <![CDATA[java.lang.AssertionError: expected [10] but found [1]
at org.testng.Assert.fail(Assert.java:99)
at org.testng.Assert.failNotEquals(Assert.java:1037)
at org.testng.Assert.assertEqualsImpl(Assert.java:140)
at org.testng.Assert.assertEquals(Assert.java:122)
at org.testng.Assert.assertEquals(Assert.java:907)
at org.testng.Assert.assertEquals(Assert.java:917)
at com.qa.sco.testCases.LoginPageTest.NumRows(LoginPageTest.java:51)
at java.base/jdk.internal.reflect.NativeMethodAccessorImpl.invoke0(Native Method)
at java.base/jdk.internal.reflect.NativeMethodAccessorImpl.invoke(NativeMethodAccessorImpl.java:64)
at java.base/jdk.internal.reflect.DelegatingMethodAccessorImpl.invoke(DelegatingMethodAccessorImpl.java:43)
at java.base/java.lang.reflect.Method.invoke(Method.java:564)
at org.testng.internal.MethodInvocationHelper.invokeMethod(MethodInvocationHelper.java:133)
at org.testng.internal.TestInvoker.invokeMethod(TestInvoker.java:598)
at org.testng.internal.TestInvoker.invokeTestMethod(TestInvoker.java:173)
at org.testng.internal.MethodRunner.runInSequence(MethodRunner.java:46)
at org.testng.internal.TestInvoker$MethodInvocationAgent.invoke(TestInvoker.java:824)
at org.testng.internal.TestInvoker.invokeTestMethods(TestInvoker.java:146)
at org.testng.internal.TestMethodWorker.invokeTestMethods(TestMethodWorker.java:146)
at org.testng.internal.TestMethodWorker.run(TestMethodWorker.java:128)
at java.base/java.util.ArrayList.forEach(ArrayList.java:1511)
at org.testng.TestRunner.privateRun(TestRunner.java:794)
at org.testng.TestRunner.run(TestRunner.java:596)
at org.testng.SuiteRunner.runTest(SuiteRunner.java:377)
at org.testng.SuiteRunner.runSequentially(SuiteRunner.java:371)
at org.testng.SuiteRunner.privateRun(SuiteRunner.java:332)
at org.testng.SuiteRunner.run(SuiteRunner.java:276)
at org.testng.SuiteRunnerWorker.runSuite(SuiteRunnerWorker.java:53)
at org.testng.SuiteRunnerWorker.run(SuiteRunnerWorker.java:96)
at org.testng.TestNG.runSuitesSequentially(TestNG.java:1212)
at org.testng.TestNG.runSuitesLocally(TestNG.java:1134)
at org.testng.TestNG.runSuites(TestNG.java:1063)
at org.testng.TestNG.run(TestNG.java:1031)
at org.testng.remote.AbstractRemoteTestNG.run(AbstractRemoteTestNG.java:115)
at org.testng.remote.RemoteTestNG.initAndRun(RemoteTestNG.java:251)
at org.testng.remote.RemoteTestNG.main(RemoteTestNG.java:77)
]]>
            </full-stacktrace>
          </exception> <!-- java.lang.AssertionError -->
          <reporter-output>
          </reporter-output>
        </test-method> <!-- NumRows -->
        <test-method is-config="true" signature="tearDown()[pri:0, instance:com.qa.sco.testCases.LoginPageTest@22e357dc]" started-at="2022-04-19T08:34:38 EDT" name="tearDown" finished-at="2022-04-19T08:34:38 EDT" duration-ms="821" status="PASS">
          <reporter-output>
          </reporter-output>
        </test-method> <!-- tearDown -->
      </class> <!-- com.qa.sco.testCases.LoginPageTest -->
    </test> <!-- Default test -->
  </suite> <!-- Default suite -->
</testng-results>
